app/build/intermediates/manifest_merge_blame_file/debug/manifest-merger-blame-debug-report.txt
1<?xml version="1.0" encoding="utf-8"?>
2<manifest xmlns:android="http://schemas.android.com/apk/res/android"
3    package="com.practicum.playlistmaker"
4    android:versionCode="1"
5    android:versionName="1.0" >
6
7    <uses-sdk
8        android:minSdkVersion="21"
8-->src\main\AndroidManifest.xml
9        android:targetSdkVersion="33" />
9-->src\main\AndroidManifest.xml
10
11    <permission
11-->[androidx.core:core:1.9.0] AndroidManifest.xml:22:5-24:47
12        android:name="com.practicum.playlistmaker.DYNAMIC_RECEIVER_NOT_EXPORTED_PERMISSION"
12-->[androidx.core:core:1.9.0] AndroidManifest.xml:23:9-81
13        android:protectionLevel="signature" />
13-->[androidx.core:core:1.9.0] AndroidManifest.xml:24:9-44
14
15    <uses-permission android:name="com.practicum.playlistmaker.DYNAMIC_RECEIVER_NOT_EXPORTED_PERMISSION" />
15-->[androidx.core:core:1.9.0] AndroidManifest.xml:26:5-97
15-->[androidx.core:core:1.9.0] AndroidManifest.xml:26:22-94
16
17    <application
17-->src\main\AndroidManifest.xml:5:5-49:19
18        android:allowBackup="true"
18-->src\main\AndroidManifest.xml:6:9-35
19        android:appComponentFactory="androidx.core.app.CoreComponentFactory"
19-->[androidx.core:core:1.9.0] AndroidManifest.xml:28:18-86
20        android:dataExtractionRules="@xml/data_extraction_rules"
20-->src\main\AndroidManifest.xml:7:9-65
21        android:debuggable="true"
22        android:fullBackupContent="@xml/backup_rules"
22-->src\main\AndroidManifest.xml:8:9-54
23        android:icon="@mipmap/ic_launcher"
23-->src\main\AndroidManifest.xml:9:9-43
24        android:label="@string/app_name"
24-->src\main\AndroidManifest.xml:10:9-41
25        android:roundIcon="@mipmap/ic_launcher_round"
25-->src\main\AndroidManifest.xml:11:9-54
26        android:supportsRtl="true"
26-->src\main\AndroidManifest.xml:12:9-35
27        android:testOnly="true"
28        android:theme="@style/Theme.MaterialComponents.DayNight.NoActionBar" >
28-->src\main\AndroidManifest.xml:13:9-77
29        <activity
29-->src\main\AndroidManifest.xml:15:9-21:20
30            android:name="com.practicum.playlistmaker.MediaActivity"
30-->src\main\AndroidManifest.xml:16:13-42
31            android:exported="false" >
31-->src\main\AndroidManifest.xml:17:13-37
32            <meta-data
32-->src\main\AndroidManifest.xml:18:13-20:36
33                android:name="android.app.lib_name"
33-->src\main\AndroidManifest.xml:19:17-52
34                android:value="" />
34-->src\main\AndroidManifest.xml:20:17-33
35        </activity>
36        <activity
36-->src\main\AndroidManifest.xml:22:9-28:20
37            android:name="com.practicum.playlistmaker.SearchActivity"
37-->src\main\AndroidManifest.xml:23:13-43
38            android:exported="false" >
38-->src\main\AndroidManifest.xml:24:13-37
39            <meta-data
39-->src\main\AndroidManifest.xml:18:13-20:36
40                android:name="android.app.lib_name"
40-->src\main\AndroidManifest.xml:19:17-52
41                android:value="" />
41-->src\main\AndroidManifest.xml:20:17-33
42        </activity>
43        <activity
43-->src\main\AndroidManifest.xml:29:9-35:20
44            android:name="com.practicum.playlistmaker.SettingsActivity"
44-->src\main\AndroidManifest.xml:30:13-45
45            android:exported="false" >
45-->src\main\AndroidManifest.xml:31:13-37
46            <meta-data
46-->src\main\AndroidManifest.xml:18:13-20:36
47                android:name="android.app.lib_name"
47-->src\main\AndroidManifest.xml:19:17-52
48                android:value="" />
48-->src\main\AndroidManifest.xml:20:17-33
49        </activity>
50        <activity
50-->src\main\AndroidManifest.xml:36:9-48:20
51            android:name="com.practicum.playlistmaker.MainActivity"
51-->src\main\AndroidManifest.xml:37:13-41
52            android:exported="true" >
52-->src\main\AndroidManifest.xml:38:13-36
53            <intent-filter>
53-->src\main\AndroidManifest.xml:39:13-43:29
54                <action android:name="android.intent.action.MAIN" />
54-->src\main\AndroidManifest.xml:40:17-69
54-->src\main\AndroidManifest.xml:40:25-66
55
56                <category android:name="android.intent.category.LAUNCHER" />
56-->src\main\AndroidManifest.xml:42:17-77
56-->src\main\AndroidManifest.xml:42:27-74
57            </intent-filter>
58
59            <meta-data
59-->src\main\AndroidManifest.xml:18:13-20:36
60                android:name="android.app.lib_name"
60-->src\main\AndroidManifest.xml:19:17-52
61                android:value="" />
61-->src\main\AndroidManifest.xml:20:17-33
62        </activity>
63
64        <provider
64-->[androidx.emoji2:emoji2:1.2.0] AndroidManifest.xml:24:9-32:20
65            android:name="androidx.startup.InitializationProvider"
65-->[androidx.emoji2:emoji2:1.2.0] AndroidManifest.xml:25:13-67
66            android:authorities="com.practicum.playlistmaker.androidx-startup"
66-->[androidx.emoji2:emoji2:1.2.0] AndroidManifest.xml:26:13-68
67            android:exported="false" >
67-->[androidx.emoji2:emoji2:1.2.0] AndroidManifest.xml:27:13-37
68            <meta-data
68-->[androidx.emoji2:emoji2:1.2.0] AndroidManifest.xml:29:13-31:52
69                android:name="androidx.emoji2.text.EmojiCompatInitializer"
69-->[androidx.emoji2:emoji2:1.2.0] AndroidManifest.xml:30:17-75
70                android:value="androidx.startup" />
70-->[androidx.emoji2:emoji2:1.2.0] AndroidManifest.xml:31:17-49
71            <meta-data
71-->[androidx.lifecycle:lifecycle-process:2.4.1] AndroidManifest.xml:31:13-33:52
72                android:name="androidx.lifecycle.ProcessLifecycleInitializer"
72-->[androidx.lifecycle:lifecycle-process:2.4.1] AndroidManifest.xml:32:17-78
73                android:value="androidx.startup" />
73-->[androidx.lifecycle:lifecycle-process:2.4.1] AndroidManifest.xml:33:17-49
74        </provider>
75    </application>
76
77</manifest>